2021-07-17 09:05:07,181:	DEBUG:	MqttDataHandler.py:__handlerTopicHcControl():35	data from topic HC.CONTROL: {
  "CMD": "HC_CONNECT_TO_CLOUD",
  "DATA": {
    "END_USER_PROFILE_ID": 10150,
    "REFRESH_TOKEN": "OGj2Lo8elXRxCiOit9i2ltoMK2SEGJ7FXq7tlFsZ++gbFYMH0diPrHTDnULBbR1KsFTrXir+53nivFMtgFO7sKnF0+HRlEoTKkpXE72M9++Vvl4FpIEr3BZ2QQ7541O79ApCvSbzoiywK8E7pqYauIuX+nGOANkUcSg5rwkY7a2QLaaglVCWf/FFtzlpfJlCsxmF/rrdseeM7gi/RhMzpBC/Zr2SMx4ZZ19PNAHvzxM="
  }
}
2021-07-17 09:05:07,380:	DEBUG:	DevicePullHandler.py:PullAndSave():18	have no data from cloud
2021-07-17 09:05:08,381:	DEBUG:	GroupingPullHandler.py:PullAndSave():18	have no data from cloud
2021-07-17 09:05:08,381:	DEBUG:	ScenePullHandler.py:PullAndSave():18	have no data from cloud
2021-07-17 11:01:26,653:	DEBUG:	MqttDataHandler.py:__handlerTopicHcControl():35	data from topic HC.CONTROL: {
  "CMD": "HC_CONNECT_TO_CLOUD",
  "DATA": {
    "END_USER_PROFILE_ID": 10150,
    "REFRESH_TOKEN": "OGj2Lo8elXRxCiOit9i2ltoMK2SEGJ7FXq7tlFsZ++gbFYMH0diPrHTDnULBbR1KsFTrXir+53nivFMtgFO7sKnF0+HRlEoTKkpXE72M9++Vvl4FpIEr3BZ2QQ7541O79ApCvSbzoiywK8E7pqYauIuX+nGOANkUcSg5rwkY7a2QLaaglVCWf/FFtzlpfJlCsxmF/rrdseeM7gi/RhMzpBC/Zr2SMx4ZZ19PNAHvzxM="
  }
}
2021-07-17 11:02:12,923:	DEBUG:	MqttDataHandler.py:__handlerTopicHcControl():35	data from topic HC.CONTROL: {
  "CMD": "HC_CONNECT_TO_CLOUD",
  "DATA": {
    "END_USER_PROFILE_ID": 10150,
    "REFRESH_TOKEN": "OGj2Lo8elXRxCiOit9i2ltoMK2SEGJ7FXq7tlFsZ++gbFYMH0diPrHTDnULBbR1KsFTrXir+53nivFMtgFO7sKnF0+HRlEoTKkpXE72M9++Vvl4FpIEr3BZ2QQ7541O79ApCvSbzoiywK8E7pqYauIuX+nGOANkUcSg5rwkY7a2QLaaglVCWf/FFtzlpfJlCsxmF/rrdseeM7gi/RhMzpBC/Zr2SMx4ZZ19PNAHvzxM="
  }
}
2021-07-17 11:03:12,416:	DEBUG:	MqttDataHandler.py:__handlerTopicHcControl():35	data from topic HC.CONTROL: {
  "CMD": "HC_CONNECT_TO_CLOUD",
  "DATA": {
    "END_USER_PROFILE_ID": 10150,
    "REFRESH_TOKEN": "OGj2Lo8elXRxCiOit9i2ltoMK2SEGJ7FXq7tlFsZ++gbFYMH0diPrHTDnULBbR1KsFTrXir+53nivFMtgFO7sKnF0+HRlEoTKkpXE72M9++Vvl4FpIEr3BZ2QQ7541O79ApCvSbzoiywK8E7pqYauIuX+nGOANkUcSg5rwkY7a2QLaaglVCWf/FFtzlpfJlCsxmF/rrdseeM7gi/RhMzpBC/Zr2SMx4ZZ19PNAHvzxM="
  }
}
